Using pre-set license
Built from '2021.1/staging' branch; Version is '2021.1.7f1 (d91830b65d9b) revision 14227504'; Using compiler version '192528614'; Build Type 'Release'
OS: 'Windows 10 Education; OS build 19042.1237; Version 2009; 64bit' Language: 'tr' Physical Memory: 16269 MB
BatchMode: 1, IsHumanControllingUs: 0, StartBugReporterOnCrash: 0, Is64bit: 1, IsPro: 0

 COMMAND LINE ARGUMENTS:
C:\Program Files\Unity\Hub\Editor\2021.1.7f1\Editor\Unity.exe
-adb2
-batchMode
-noUpm
-name
AssetImportWorker0
-projectPath
E:/Yedek/oyunlar/flipy_birds2
-logFile
Logs/AssetImportWorker0.log
-srvPort
64164
Successfully changed project path to: E:/Yedek/oyunlar/flipy_birds2
E:/Yedek/oyunlar/flipy_birds2
Using Asset Import Pipeline V2.
Refreshing native plugins compatible for Editor in 337.76 ms, found 0 plugins.
Preloading 0 native plugins for Editor in 0.00 ms.
Initialize engine version: 2021.1.7f1 (d91830b65d9b)
[Subsystems] Discovering subsystems at path C:/Program Files/Unity/Hub/Editor/2021.1.7f1/Editor/Data/Resources/UnitySubsystems
[Subsystems] Discovering subsystems at path E:/Yedek/oyunlar/flipy_birds2/Assets
GfxDevice: creating device client; threaded=0; jobified=0
Direct3D:
    Version:  Direct3D 11.0 [level 11.0]
    Renderer: NVIDIA GeForce GTX 950M (ID=0x139a)
    Vendor:   NVIDIA
    VRAM:     2010 MB
    Driver:   27.21.14.6611
Initialize mono
Mono path[0] = 'C:/Program Files/Unity/Hub/Editor/2021.1.7f1/Editor/Data/Managed'
Mono path[1] = 'C:/Program Files/Unity/Hub/Editor/2021.1.7f1/Editor/Data/MonoBleedingEdge/lib/mono/unityjit'
Mono config path = 'C:/Program Files/Unity/Hub/Editor/2021.1.7f1/Editor/Data/MonoBleedingEdge/etc'
Using monoOptions --debugger-agent=transport=dt_socket,embedding=1,server=y,suspend=n,address=127.0.0.1:56304
Begin MonoManager ReloadAssembly
Registering precompiled unity dll's ...
Register platform support module: C:/Program Files/Unity/Hub/Editor/2021.1.7f1/Editor/Data/PlaybackEngines/WindowsStandaloneSupport/UnityEditor.WindowsStandalone.Extensions.dll
Registered in 0.004813 seconds.
Native extension for WindowsStandalone target not found
Refreshing native plugins compatible for Editor in 233.89 ms, found 0 plugins.
Preloading 0 native plugins for Editor in 0.00 ms.
Mono: successfully reloaded assembly
- Completed reload, in 14.581 seconds
Platform modules already initialized, skipping
Registering precompiled user dll's ...
Registered in 0.033540 seconds.
Begin MonoManager ReloadAssembly
Native extension for WindowsStandalone target not found
Refreshing native plugins compatible for Editor in 1.45 ms, found 0 plugins.
Preloading 0 native plugins for Editor in 0.00 ms.
Mono: successfully reloaded assembly
- Completed reload, in  4.693 seconds
Platform modules already initialized, skipping
========================================================================
Worker process is ready to serve import requests
Launched and connected shader compiler UnityShaderCompiler.exe after 0.13 seconds
Refreshing native plugins compatible for Editor in 1.25 ms, found 0 plugins.
Preloading 0 native plugins for Editor in 0.00 ms.
Unloading 1784 Unused Serialized files (Serialized files now loaded: 0)
System memory in use before: 78.3 MB.
System memory in use after: 78.4 MB.

Unloading 108 unused Assets to reduce memory usage. Loaded Objects now: 2164.
Total: 12.965600 ms (FindLiveObjects: 0.455700 ms CreateObjectMapping: 0.246100 ms MarkObjects: 12.078700 ms  DeleteObjects: 0.182300 ms)

========================================================================
Received Import Request.
  path: Assets/—Pngtree—instant cartoon hand drawn yellow_4440462.png
  artifactKey: Guid(61df7601e456d324da00bbbfe96f5dbb) Importer(815301076,1909f56bfc062723c751e8b465ee728b)
Start importing Assets/—Pngtree—instant cartoon hand drawn yellow_4440462.png using Guid(61df7601e456d324da00bbbfe96f5dbb) Importer(815301076,1909f56bfc062723c751e8b465ee728b)  -> (artifact id: '18847385bbed91ca02817e74601b3fc5') in 0.685426 seconds 
========================================================================
Received Import Request.
  Time since last request: 0.000513 seconds.
  path: Assets/—Pngtree—strip gradient button download_4576836.png
  artifactKey: Guid(441c033e4751ba8429e06611144fb3c8) Importer(815301076,1909f56bfc062723c751e8b465ee728b)
Start importing Assets/—Pngtree—strip gradient button download_4576836.png using Guid(441c033e4751ba8429e06611144fb3c8) Importer(815301076,1909f56bfc062723c751e8b465ee728b)  -> (artifact id: '4d77f3c42f4653ec9799f84820583489') in 0.225051 seconds 
========================================================================
Received Import Request.
  Time since last request: 228.561697 seconds.
  path: Assets/Scenes/top.physicsMaterial2D
  artifactKey: Guid(0456c7ab58799bf4393eb20f79c8394c) Importer(815301076,1909f56bfc062723c751e8b465ee728b)
Start importing Assets/Scenes/top.physicsMaterial2D using Guid(0456c7ab58799bf4393eb20f79c8394c) Importer(815301076,1909f56bfc062723c751e8b465ee728b)  -> (artifact id: 'c0cee50a9627a036b5d113f7f2dfbd1b') in 0.030508 seconds 
========================================================================
Received Import Request.
  Time since last request: 0.000711 seconds.
  path: Assets/Scenes/yer.physicsMaterial2D
  artifactKey: Guid(7de535a73c7bb4149bc483bf898a7bcb) Importer(815301076,1909f56bfc062723c751e8b465ee728b)
Start importing Assets/Scenes/yer.physicsMaterial2D using Guid(7de535a73c7bb4149bc483bf898a7bcb) Importer(815301076,1909f56bfc062723c751e8b465ee728b)  -> (artifact id: 'bbe71c915e2ba563ec961018fee57372') in 0.022792 seconds 
========================================================================
Received Import Request.
  Time since last request: 5.374306 seconds.
  path: Assets/Prefab/engel.prefab
  artifactKey: Guid(d1d2cb0e582a60b46beee799d920b7af) Importer(815301076,1909f56bfc062723c751e8b465ee728b)
Start importing Assets/Prefab/engel.prefab using Guid(d1d2cb0e582a60b46beee799d920b7af) Importer(815301076,1909f56bfc062723c751e8b465ee728b)  -> (artifact id: '5934810e5cbde08d50f4f1e21cde9aff') in 0.161189 seconds 
========================================================================
Received Import Request.
  Time since last request: 16.497620 seconds.
  path: Assets/filipy birds/Flappy Bird ses
  artifactKey: Guid(c59f491f9a10fb8429d142f5f97b8692) Importer(815301076,1909f56bfc062723c751e8b465ee728b)
Start importing Assets/filipy birds/Flappy Bird ses using Guid(c59f491f9a10fb8429d142f5f97b8692) Importer(815301076,1909f56bfc062723c751e8b465ee728b)  -> (artifact id: 'a362a5072f59fbe096bbce0159c79c72') in 0.021296 seconds 
========================================================================
Received Import Request.
  Time since last request: 0.096615 seconds.
  path: Assets/filipy birds/Flappy Bird ses/Ses - Carpti.wav
  artifactKey: Guid(be7b9935290afb6439d5f3620c81151d) Importer(815301076,1909f56bfc062723c751e8b465ee728b)
Start importing Assets/filipy birds/Flappy Bird ses/Ses - Carpti.wav using Guid(be7b9935290afb6439d5f3620c81151d) Importer(815301076,1909f56bfc062723c751e8b465ee728b)  -> (artifact id: 'ee676fe902b877e541e69628c0c2954c') in 0.473431 seconds 
========================================================================
Received Import Request.
  Time since last request: 0.000819 seconds.
  path: Assets/filipy birds/Flappy Bird ses/Ses -KanatSesi.wav
  artifactKey: Guid(97ee40a7087cabe45955f93d56dc2f74) Importer(815301076,1909f56bfc062723c751e8b465ee728b)
Start importing Assets/filipy birds/Flappy Bird ses/Ses -KanatSesi.wav using Guid(97ee40a7087cabe45955f93d56dc2f74) Importer(815301076,1909f56bfc062723c751e8b465ee728b)  -> (artifact id: '2b3af979a12389ecb443bb5664af1366') in 0.035333 seconds 
========================================================================
Received Import Request.
  Time since last request: 0.000703 seconds.
  path: Assets/filipy birds/Flappy Bird ses/Ses - skorSesi.wav
  artifactKey: Guid(e0828a9fac1de7a43913e36f868e2932) Importer(815301076,1909f56bfc062723c751e8b465ee728b)
Start importing Assets/filipy birds/Flappy Bird ses/Ses - skorSesi.wav using Guid(e0828a9fac1de7a43913e36f868e2932) Importer(815301076,1909f56bfc062723c751e8b465ee728b)  -> (artifact id: '324de239543b8e3126fc6aa034a0161f') in 0.044796 seconds 
========================================================================
Received Import Request.
  Time since last request: 0.832912 seconds.
  path: Assets/filipy birds/FlappyBird texture/AltNesne.png
  artifactKey: Guid(5ee4dc817853a554f89baaeaccf25ecc) Importer(815301076,1909f56bfc062723c751e8b465ee728b)
Start importing Assets/filipy birds/FlappyBird texture/AltNesne.png using Guid(5ee4dc817853a554f89baaeaccf25ecc) Importer(815301076,1909f56bfc062723c751e8b465ee728b)  -> (artifact id: '2b0900fd478461c0e7c53295794d52d9') in 0.040930 seconds 
========================================================================
Received Import Request.
  Time since last request: 0.000672 seconds.
  path: Assets/filipy birds/FlappyBird texture/kus1.png
  artifactKey: Guid(7ba8d31515dc3a248b7bbd5ba3d830db) Importer(815301076,1909f56bfc062723c751e8b465ee728b)
Start importing Assets/filipy birds/FlappyBird texture/kus1.png using Guid(7ba8d31515dc3a248b7bbd5ba3d830db) Importer(815301076,1909f56bfc062723c751e8b465ee728b)  -> (artifact id: 'a92d4591f7e0fb6020fc5b7c3d65eefb') in 0.073460 seconds 
========================================================================
Received Import Request.
  Time since last request: 0.000857 seconds.
  path: Assets/filipy birds/FlappyBird texture/kus2.png
  artifactKey: Guid(ce3abef0d5e53b54785903545c135ef3) Importer(815301076,1909f56bfc062723c751e8b465ee728b)
Start importing Assets/filipy birds/FlappyBird texture/kus2.png using Guid(ce3abef0d5e53b54785903545c135ef3) Importer(815301076,1909f56bfc062723c751e8b465ee728b)  -> (artifact id: '6cb5996549c0c4adbd90193d1babc040') in 0.092351 seconds 
========================================================================
Received Import Request.
  Time since last request: 0.000695 seconds.
  path: Assets/filipy birds/FlappyBird texture/yer.png
  artifactKey: Guid(95aa866c767b00845b5545ec3e4fdb31) Importer(815301076,1909f56bfc062723c751e8b465ee728b)
Start importing Assets/filipy birds/FlappyBird texture/yer.png using Guid(95aa866c767b00845b5545ec3e4fdb31) Importer(815301076,1909f56bfc062723c751e8b465ee728b)  -> (artifact id: 'a152dc2485639048bdb428140c9cc2ee') in 0.050116 seconds 
========================================================================
Received Import Request.
  Time since last request: 0.000751 seconds.
  path: Assets/filipy birds/FlappyBird texture/Gokyuzu.png
  artifactKey: Guid(8338003225b786e478f722dd8fd68adb) Importer(815301076,1909f56bfc062723c751e8b465ee728b)
Start importing Assets/filipy birds/FlappyBird texture/Gokyuzu.png using Guid(8338003225b786e478f722dd8fd68adb) Importer(815301076,1909f56bfc062723c751e8b465ee728b)  -> (artifact id: '6eb1b9fb1b0e5c4addd62ed29f6f3bd3') in 0.058238 seconds 
========================================================================
Received Import Request.
  Time since last request: 0.000672 seconds.
  path: Assets/filipy birds/FlappyBird texture/kus3.png
  artifactKey: Guid(14afe2335fd3fda41bae720616ba3968) Importer(815301076,1909f56bfc062723c751e8b465ee728b)
Start importing Assets/filipy birds/FlappyBird texture/kus3.png using Guid(14afe2335fd3fda41bae720616ba3968) Importer(815301076,1909f56bfc062723c751e8b465ee728b)  -> (artifact id: '0ec20493406355151ea960a0f76dcca3') in 0.043131 seconds 
========================================================================
Received Import Request.
  Time since last request: 0.000801 seconds.
  path: Assets/filipy birds/FlappyBird texture/UstNesne.png
  artifactKey: Guid(dcdbd94c3e590054bb9882efa7619b6d) Importer(815301076,1909f56bfc062723c751e8b465ee728b)
Start importing Assets/filipy birds/FlappyBird texture/UstNesne.png using Guid(dcdbd94c3e590054bb9882efa7619b6d) Importer(815301076,1909f56bfc062723c751e8b465ee728b)  -> (artifact id: '24a81f825a5158aef01d7010bb01bace') in 0.043098 seconds 
========================================================================
Received Import Request.
  Time since last request: 10.038922 seconds.
  path: Assets/reklam.cs
  artifactKey: Guid(d6dcc1ea21f045d49abc8460e85b9acc) Importer(815301076,1909f56bfc062723c751e8b465ee728b)
Start importing Assets/reklam.cs using Guid(d6dcc1ea21f045d49abc8460e85b9acc) Importer(815301076,1909f56bfc062723c751e8b465ee728b)  -> (artifact id: '56864408ac0f4d3075a9a50c6e194e2f') in 0.042544 seconds 
========================================================================
Received Prepare
Registering precompiled user dll's ...
Registered in 0.011404 seconds.
Begin MonoManager ReloadAssembly
Native extension for WindowsStandalone target not found
Refreshing native plugins compatible for Editor in 2.13 ms, found 0 plugins.
Preloading 0 native plugins for Editor in 0.00 ms.
Mono: successfully reloaded assembly
- Completed reload, in  4.469 seconds
Platform modules already initialized, skipping
Switching build target platform(19) subTarget(0) extendedPlatform(0) -> platform(13) subTarget(589824) extendedPlatform(0)
Refreshing native plugins compatible for Editor in 2.58 ms, found 0 plugins.
Preloading 0 native plugins for Editor in 0.00 ms.
Unloading 1714 Unused Serialized files (Serialized files now loaded: 0)
System memory in use before: 91.5 MB.
System memory in use after: 91.6 MB.

Unloading 40 unused Assets to reduce memory usage. Loaded Objects now: 2326.
Total: 20.246100 ms (FindLiveObjects: 0.508200 ms CreateObjectMapping: 0.204900 ms MarkObjects: 19.418000 ms  DeleteObjects: 0.109900 ms)

AssetImportParameters requested are different than current active one (requested -> active):
  custom:graphics/normal-map-encoding: 01000000000000000000000000000000 -> 02000000000000000000000000000000
========================================================================
Received Import Request.
  Time since last request: 203.460503 seconds.
  path: Assets/Scenes/Level1.unity
  artifactKey: Guid(bee15d086f3325e498e008030e44bfd2) Importer(815301076,1909f56bfc062723c751e8b465ee728b)
Start importing Assets/Scenes/Level1.unity using Guid(bee15d086f3325e498e008030e44bfd2) Importer(815301076,1909f56bfc062723c751e8b465ee728b)  -> (artifact id: '909e00e09e0f2bcb7e4dc8c9c6c506e8') in 0.061085 seconds 
========================================================================
Received Prepare
Registering precompiled user dll's ...
Registered in 0.006147 seconds.
Begin MonoManager ReloadAssembly
Native extension for WindowsStandalone target not found
Refreshing native plugins compatible for Editor in 1.71 ms, found 0 plugins.
Preloading 0 native plugins for Editor in 0.00 ms.
Mono: successfully reloaded assembly
- Completed reload, in  4.163 seconds
Platform modules already initialized, skipping
Switching build target platform(19) subTarget(0) extendedPlatform(0) -> platform(13) subTarget(589824) extendedPlatform(0)
Refreshing native plugins compatible for Editor in 2.14 ms, found 0 plugins.
Preloading 0 native plugins for Editor in 0.00 ms.
Unloading 1705 Unused Serialized files (Serialized files now loaded: 0)
System memory in use before: 91.1 MB.
System memory in use after: 91.2 MB.

Unloading 40 unused Assets to reduce memory usage. Loaded Objects now: 2329.
Total: 20.325500 ms (FindLiveObjects: 0.427000 ms CreateObjectMapping: 0.204400 ms MarkObjects: 19.604800 ms  DeleteObjects: 0.085900 ms)

AssetImportParameters requested are different than current active one (requested -> active):
  custom:graphics/normal-map-encoding: 01000000000000000000000000000000 -> 02000000000000000000000000000000
========================================================================
Received Import Request.
  Time since last request: 23.756731 seconds.
  path: Assets/Scenes/AnaMenu.unity
  artifactKey: Guid(f824bca63295cbb49a2ec7238e5d636c) Importer(815301076,1909f56bfc062723c751e8b465ee728b)
Start importing Assets/Scenes/AnaMenu.unity using Guid(f824bca63295cbb49a2ec7238e5d636c) Importer(815301076,1909f56bfc062723c751e8b465ee728b)  -> (artifact id: 'b9036008abe2e1bbe3594584109ee692') in 0.054460 seconds 
========================================================================
Received Prepare
Registering precompiled user dll's ...
Registered in 0.007429 seconds.
Begin MonoManager ReloadAssembly
Native extension for WindowsStandalone target not found
Refreshing native plugins compatible for Editor in 1.63 ms, found 0 plugins.
Preloading 0 native plugins for Editor in 0.00 ms.
Mono: successfully reloaded assembly
- Completed reload, in  4.314 seconds
Platform modules already initialized, skipping
Switching build target platform(19) subTarget(0) extendedPlatform(0) -> platform(13) subTarget(589824) extendedPlatform(0)
Refreshing native plugins compatible for Editor in 2.39 ms, found 0 plugins.
Preloading 0 native plugins for Editor in 0.00 ms.
Unloading 1705 Unused Serialized files (Serialized files now loaded: 0)
System memory in use before: 91.1 MB.
System memory in use after: 91.3 MB.

Unloading 40 unused Assets to reduce memory usage. Loaded Objects now: 2332.
Total: 27.953200 ms (FindLiveObjects: 0.494200 ms CreateObjectMapping: 0.245800 ms MarkObjects: 27.081800 ms  DeleteObjects: 0.126500 ms)

AssetImportParameters requested are different than current active one (requested -> active):
  custom:graphics/normal-map-encoding: 01000000000000000000000000000000 -> 02000000000000000000000000000000
========================================================================
Received Prepare
Refreshing native plugins compatible for Editor in 30.96 ms, found 0 plugins.
Preloading 0 native plugins for Editor in 0.00 ms.
Unloading 38 Unused Serialized files (Serialized files now loaded: 0)
System memory in use before: 58.2 MB.
System memory in use after: 58.3 MB.

Unloading 38 unused Assets to reduce memory usage. Loaded Objects now: 2332.
Total: 25.303800 ms (FindLiveObjects: 0.498200 ms CreateObjectMapping: 0.212500 ms MarkObjects: 24.433800 ms  DeleteObjects: 0.153200 ms)

========================================================================
Received Prepare
Registering precompiled user dll's ...
Registered in 0.010062 seconds.
Begin MonoManager ReloadAssembly
Native extension for WindowsStandalone target not found
Refreshing native plugins compatible for Editor in 1.70 ms, found 0 plugins.
Preloading 0 native plugins for Editor in 0.00 ms.
Mono: successfully reloaded assembly
- Completed reload, in  4.461 seconds
Platform modules already initialized, skipping
Switching build target platform(19) subTarget(0) extendedPlatform(0) -> platform(13) subTarget(589824) extendedPlatform(0)
Refreshing native plugins compatible for Editor in 1.61 ms, found 0 plugins.
Preloading 0 native plugins for Editor in 0.00 ms.
Unloading 1705 Unused Serialized files (Serialized files now loaded: 0)
System memory in use before: 91.2 MB.
System memory in use after: 91.3 MB.

Unloading 40 unused Assets to reduce memory usage. Loaded Objects now: 2335.
Total: 19.131000 ms (FindLiveObjects: 0.443900 ms CreateObjectMapping: 0.299500 ms MarkObjects: 18.299400 ms  DeleteObjects: 0.083800 ms)

AssetImportParameters requested are different than current active one (requested -> active):
  custom:graphics/normal-map-encoding: 01000000000000000000000000000000 -> 02000000000000000000000000000000
========================================================================
Received Import Request.
  Time since last request: 1780.262091 seconds.
  path: Assets/merdiven.cs
  artifactKey: Guid(f927617dfd07f5a409a4c277af91edd3) Importer(815301076,1909f56bfc062723c751e8b465ee728b)
Start importing Assets/merdiven.cs using Guid(f927617dfd07f5a409a4c277af91edd3) Importer(815301076,1909f56bfc062723c751e8b465ee728b)  -> (artifact id: '213a9ac13d9c621a924e65998c496f79') in 0.236656 seconds 
========================================================================
Received Prepare
Registering precompiled user dll's ...
Registered in 0.005432 seconds.
Begin MonoManager ReloadAssembly
Native extension for WindowsStandalone target not found
Refreshing native plugins compatible for Editor in 3.81 ms, found 0 plugins.
Preloading 0 native plugins for Editor in 0.00 ms.
Mono: successfully reloaded assembly
- Completed reload, in  4.609 seconds
Platform modules already initialized, skipping
Switching build target platform(19) subTarget(0) extendedPlatform(0) -> platform(13) subTarget(589824) extendedPlatform(0)
Refreshing native plugins compatible for Editor in 2.35 ms, found 0 plugins.
Preloading 0 native plugins for Editor in 0.00 ms.
Unloading 1704 Unused Serialized files (Serialized files now loaded: 0)
System memory in use before: 91.2 MB.
System memory in use after: 91.3 MB.

Unloading 40 unused Assets to reduce memory usage. Loaded Objects now: 2338.
Total: 27.690500 ms (FindLiveObjects: 0.798900 ms CreateObjectMapping: 0.503900 ms MarkObjects: 26.265100 ms  DeleteObjects: 0.117700 ms)

AssetImportParameters requested are different than current active one (requested -> active):
  custom:graphics/normal-map-encoding: 01000000000000000000000000000000 -> 02000000000000000000000000000000
========================================================================
Received Prepare
Registering precompiled user dll's ...
Registered in 0.011354 seconds.
Begin MonoManager ReloadAssembly
Native extension for WindowsStandalone target not found
Refreshing native plugins compatible for Editor in 3.51 ms, found 0 plugins.
Preloading 0 native plugins for Editor in 0.00 ms.
Mono: successfully reloaded assembly
- Completed reload, in  4.890 seconds
Platform modules already initialized, skipping
Switching build target platform(19) subTarget(0) extendedPlatform(0) -> platform(13) subTarget(589824) extendedPlatform(0)
Refreshing native plugins compatible for Editor in 1.97 ms, found 0 plugins.
Preloading 0 native plugins for Editor in 0.00 ms.
Unloading 1704 Unused Serialized files (Serialized files now loaded: 0)
System memory in use before: 91.2 MB.
System memory in use after: 91.3 MB.

Unloading 40 unused Assets to reduce memory usage. Loaded Objects now: 2341.
Total: 23.268300 ms (FindLiveObjects: 0.492400 ms CreateObjectMapping: 0.242100 ms MarkObjects: 22.447000 ms  DeleteObjects: 0.082600 ms)

AssetImportParameters requested are different than current active one (requested -> active):
  custom:graphics/normal-map-encoding: 01000000000000000000000000000000 -> 02000000000000000000000000000000
========================================================================
Received Prepare
Registering precompiled user dll's ...
Registered in 0.011430 seconds.
Begin MonoManager ReloadAssembly
Native extension for WindowsStandalone target not found
Refreshing native plugins compatible for Editor in 2.51 ms, found 0 plugins.
Preloading 0 native plugins for Editor in 0.00 ms.
Mono: successfully reloaded assembly
- Completed reload, in  4.554 seconds
Platform modules already initialized, skipping
Switching build target platform(19) subTarget(0) extendedPlatform(0) -> platform(13) subTarget(589824) extendedPlatform(0)
Refreshing native plugins compatible for Editor in 1.78 ms, found 0 plugins.
Preloading 0 native plugins for Editor in 0.00 ms.
Unloading 1704 Unused Serialized files (Serialized files now loaded: 0)
System memory in use before: 91.2 MB.
System memory in use after: 91.3 MB.

Unloading 40 unused Assets to reduce memory usage. Loaded Objects now: 2344.
Total: 24.559900 ms (FindLiveObjects: 0.423400 ms CreateObjectMapping: 0.222400 ms MarkObjects: 23.798000 ms  DeleteObjects: 0.112100 ms)

AssetImportParameters requested are different than current active one (requested -> active):
  custom:graphics/normal-map-encoding: 01000000000000000000000000000000 -> 02000000000000000000000000000000
AssetImportWorkerClient::OnTransportError - code=2 error=End of file
